[0.270s] DEBUG:colcon:Command line arguments: ['/usr/bin/colcon', 'build', '--symlink-install']
[0.270s] DEBUG:colcon:Parsed command line arguments: Namespace(log_base=None, log_level=None, verb_name='build', build_base='build', install_base='install', merge_install=False, symlink_install=True, test_result_base=None, continue_on_error=False, executor='parallel', parallel_workers=16, event_handlers=None, ignore_user_meta=False, metas=['./colcon.meta'], base_paths=['.'], packages_ignore=None, packages_ignore_regex=None, paths=None, packages_up_to=None, packages_up_to_regex=None, packages_above=None, packages_above_and_dependencies=None, packages_above_depth=None, packages_select_by_dep=None, packages_skip_by_dep=None, packages_skip_up_to=None, packages_select_build_failed=False, packages_skip_build_finished=False, packages_select_test_failures=False, packages_skip_test_passed=False, packages_select=None, packages_skip=None, packages_select_regex=None, packages_skip_regex=None, packages_start=None, packages_end=None, allow_overriding=[], cmake_args=None, cmake_target=None, cmake_target_skip_unavailable=False, cmake_clean_cache=False, cmake_clean_first=False, cmake_force_configure=False, ament_cmake_args=None, catkin_cmake_args=None, catkin_skip_building_tests=False, verb_parser=<colcon_defaults.argument_parser.defaults.DefaultArgumentsDecorator object at 0x719d70bf6bf0>, verb_extension=<colcon_core.verb.build.BuildVerb object at 0x719d70d93940>, main=<bound method BuildVerb.main of <colcon_core.verb.build.BuildVerb object at 0x719d70d93940>>)
[0.641s] Level 1:colcon.colcon_core.package_discovery:discover_packages(colcon_meta) check parameters
[0.641s] Level 1:colcon.colcon_core.package_discovery:discover_packages(recursive) check parameters
[0.641s] Level 1:colcon.colcon_core.package_discovery:discover_packages(ignore) check parameters
[0.641s] Level 1:colcon.colcon_core.package_discovery:discover_packages(path) check parameters
[0.641s] Level 1:colcon.colcon_core.package_discovery:discover_packages(colcon_meta) discover
[0.641s] Level 1:colcon.colcon_core.package_discovery:discover_packages(recursive) discover
[0.641s] INFO:colcon.colcon_core.package_discovery:Crawling recursively for packages in '/home/hakozaki/ros2_ws/src/mypkg'
[0.641s] Level 1:colcon.colcon_core.package_identification:_identify(.) by extensions ['ignore', 'ignore_ament_install']
[0.641s] Level 1:colcon.colcon_core.package_identification:_identify(.) by extension 'ignore'
[0.642s] Level 1:colcon.colcon_core.package_identification:_identify(.) by extension 'ignore_ament_install'
[0.642s] Level 1:colcon.colcon_core.package_identification:_identify(.) by extensions ['colcon_pkg']
[0.642s] Level 1:colcon.colcon_core.package_identification:_identify(.) by extension 'colcon_pkg'
[0.642s] Level 1:colcon.colcon_core.package_identification:_identify(.) by extensions ['colcon_meta']
[0.642s] Level 1:colcon.colcon_core.package_identification:_identify(.) by extension 'colcon_meta'
[0.642s] Level 1:colcon.colcon_core.package_identification:_identify(.) by extensions ['ros']
[0.642s] Level 1:colcon.colcon_core.package_identification:_identify(.) by extension 'ros'
[0.659s] DEBUG:colcon.colcon_core.package_identification:Package '.' with type 'ros.ament_python' and name 'mypkg'
[0.659s] Level 1:colcon.colcon_core.package_discovery:discover_packages(recursive) using defaults
[0.659s] Level 1:colcon.colcon_core.package_discovery:discover_packages(ignore) discover
[0.659s] Level 1:colcon.colcon_core.package_discovery:discover_packages(ignore) using defaults
[0.660s] Level 1:colcon.colcon_core.package_discovery:discover_packages(path) discover
[0.660s] Level 1:colcon.colcon_core.package_discovery:discover_packages(path) using defaults
[0.689s] Level 1:colcon.colcon_core.package_discovery:discover_packages(prefix_path) check parameters
[0.690s] Level 1:colcon.colcon_core.package_discovery:discover_packages(prefix_path) discover
[0.693s] DEBUG:colcon.colcon_installed_package_information.package_discovery:Found 1 installed packages in /home/hakozaki/ros2_ws/install
[0.695s] DEBUG:colcon.colcon_installed_package_information.package_discovery:Found 271 installed packages in /opt/ros/humble
[0.696s] Level 1:colcon.colcon_core.package_discovery:discover_packages(prefix_path) using defaults
[3.714s] Level 5:colcon.colcon_core.verb:set package 'mypkg' build argument 'cmake_args' from command line to 'None'
[3.714s] Level 5:colcon.colcon_core.verb:set package 'mypkg' build argument 'cmake_target' from command line to 'None'
[3.714s] Level 5:colcon.colcon_core.verb:set package 'mypkg' build argument 'cmake_target_skip_unavailable' from command line to 'False'
[3.715s] Level 5:colcon.colcon_core.verb:set package 'mypkg' build argument 'cmake_clean_cache' from command line to 'False'
[3.715s] Level 5:colcon.colcon_core.verb:set package 'mypkg' build argument 'cmake_clean_first' from command line to 'False'
[3.715s] Level 5:colcon.colcon_core.verb:set package 'mypkg' build argument 'cmake_force_configure' from command line to 'False'
[3.715s] Level 5:colcon.colcon_core.verb:set package 'mypkg' build argument 'ament_cmake_args' from command line to 'None'
[3.715s] Level 5:colcon.colcon_core.verb:set package 'mypkg' build argument 'catkin_cmake_args' from command line to 'None'
[3.715s] Level 5:colcon.colcon_core.verb:set package 'mypkg' build argument 'catkin_skip_building_tests' from command line to 'False'
[3.715s] DEBUG:colcon.colcon_core.verb:Building package 'mypkg' with the following arguments: {'ament_cmake_args': None, 'build_base': '/home/hakozaki/ros2_ws/src/mypkg/build/mypkg', 'catkin_cmake_args': None, 'catkin_skip_building_tests': False, 'cmake_args': None, 'cmake_clean_cache': False, 'cmake_clean_first': False, 'cmake_force_configure': False, 'cmake_target': None, 'cmake_target_skip_unavailable': False, 'install_base': '/home/hakozaki/ros2_ws/src/mypkg/install/mypkg', 'merge_install': False, 'path': '/home/hakozaki/ros2_ws/src/mypkg', 'symlink_install': True, 'test_result_base': None}
[3.715s] INFO:colcon.colcon_core.executor:Executing jobs using 'parallel' executor
[3.716s] DEBUG:colcon.colcon_parallel_executor.executor.parallel:run_until_complete
[3.716s] INFO:colcon.colcon_ros.task.ament_python.build:Building ROS package in '/home/hakozaki/ros2_ws/src/mypkg' with build type 'ament_python'
[3.717s] Level 1:colcon.colcon_core.shell:create_environment_hook('mypkg', 'ament_prefix_path')
[3.722s] INFO:colcon.colcon_core.plugin_system:Skipping extension 'colcon_core.shell.bat': Not used on non-Windows systems
[3.722s] INFO:colcon.colcon_core.shell:Creating environment hook '/home/hakozaki/ros2_ws/src/mypkg/install/mypkg/share/mypkg/hook/ament_prefix_path.ps1'
[3.724s] INFO:colcon.colcon_core.shell:Creating environment descriptor '/home/hakozaki/ros2_ws/src/mypkg/install/mypkg/share/mypkg/hook/ament_prefix_path.dsv'
[3.725s] INFO:colcon.colcon_core.shell:Creating environment hook '/home/hakozaki/ros2_ws/src/mypkg/install/mypkg/share/mypkg/hook/ament_prefix_path.sh'
[3.726s] INFO:colcon.colcon_core.shell:Skip shell extension 'powershell' for command environment: Not usable outside of PowerShell
[3.726s] DEBUG:colcon.colcon_core.shell:Skip shell extension 'dsv' for command environment
[3.941s] INFO:colcon.colcon_core.task.python.build:Building Python package in '/home/hakozaki/ros2_ws/src/mypkg'
[3.941s] INFO:colcon.colcon_core.shell:Skip shell extension 'powershell' for command environment: Not usable outside of PowerShell
[3.941s] DEBUG:colcon.colcon_core.shell:Skip shell extension 'dsv' for command environment
[4.253s] DEBUG:colcon.colcon_core.event_handler.log_command:Invoking command in '/home/hakozaki/ros2_ws/src/mypkg/build/mypkg': CONDA_PROMPT_MODIFIER=(base) PYTHONPATH=/home/hakozaki/ros2_ws/src/mypkg/build/mypkg/prefix_override:/usr/lib/python3/dist-packages/colcon_core/task/python/colcon_distutils_commands:/home/hakozaki/ros2_ws/src/mypkg/install/mypkg/lib/python3.10/site-packages:${PYTHONPATH} /usr/bin/python3 -W ignore:setup.py install is deprecated -W ignore:easy_install command is deprecated setup.py develop --editable --build-directory /home/hakozaki/ros2_ws/src/mypkg/build/mypkg/build --no-deps symlink_data
[4.603s] Level 1:colcon.colcon_core.shell:create_environment_hook('mypkg', 'pythonpath_develop')
[4.604s] INFO:colcon.colcon_core.shell:Creating environment hook '/home/hakozaki/ros2_ws/src/mypkg/build/mypkg/share/mypkg/hook/pythonpath_develop.ps1'
[4.605s] DEBUG:colcon.colcon_core.event_handler.log_command:Invoked command in '/home/hakozaki/ros2_ws/src/mypkg/build/mypkg' returned '0': CONDA_PROMPT_MODIFIER=(base) PYTHONPATH=/home/hakozaki/ros2_ws/src/mypkg/build/mypkg/prefix_override:/usr/lib/python3/dist-packages/colcon_core/task/python/colcon_distutils_commands:/home/hakozaki/ros2_ws/src/mypkg/install/mypkg/lib/python3.10/site-packages:${PYTHONPATH} /usr/bin/python3 -W ignore:setup.py install is deprecated -W ignore:easy_install command is deprecated setup.py develop --editable --build-directory /home/hakozaki/ros2_ws/src/mypkg/build/mypkg/build --no-deps symlink_data
[4.606s] INFO:colcon.colcon_core.shell:Creating environment descriptor '/home/hakozaki/ros2_ws/src/mypkg/build/mypkg/share/mypkg/hook/pythonpath_develop.dsv'
[4.607s] INFO:colcon.colcon_core.shell:Creating environment hook '/home/hakozaki/ros2_ws/src/mypkg/build/mypkg/share/mypkg/hook/pythonpath_develop.sh'
[4.618s] Level 1:colcon.colcon_core.environment:checking '/home/hakozaki/ros2_ws/src/mypkg/install/mypkg' for CMake module files
[4.619s] Level 1:colcon.colcon_core.environment:checking '/home/hakozaki/ros2_ws/src/mypkg/install/mypkg' for CMake config files
[4.620s] Level 1:colcon.colcon_core.environment:checking '/home/hakozaki/ros2_ws/src/mypkg/install/mypkg/lib'
[4.620s] Level 1:colcon.colcon_core.environment:checking '/home/hakozaki/ros2_ws/src/mypkg/install/mypkg/bin'
[4.621s] Level 1:colcon.colcon_core.environment:checking '/home/hakozaki/ros2_ws/src/mypkg/install/mypkg/lib/pkgconfig/mypkg.pc'
[4.621s] Level 1:colcon.colcon_core.environment:checking '/home/hakozaki/ros2_ws/src/mypkg/install/mypkg/lib/python3.10/site-packages'
[4.621s] Level 1:colcon.colcon_core.shell:create_environment_hook('mypkg', 'pythonpath')
[4.621s] INFO:colcon.colcon_core.shell:Creating environment hook '/home/hakozaki/ros2_ws/src/mypkg/install/mypkg/share/mypkg/hook/pythonpath.ps1'
[4.622s] INFO:colcon.colcon_core.shell:Creating environment descriptor '/home/hakozaki/ros2_ws/src/mypkg/install/mypkg/share/mypkg/hook/pythonpath.dsv'
[4.623s] INFO:colcon.colcon_core.shell:Creating environment hook '/home/hakozaki/ros2_ws/src/mypkg/install/mypkg/share/mypkg/hook/pythonpath.sh'
[4.624s] Level 1:colcon.colcon_core.environment:checking '/home/hakozaki/ros2_ws/src/mypkg/install/mypkg/bin'
[4.624s] Level 1:colcon.colcon_core.environment:create_environment_scripts_only(mypkg)
[4.625s] INFO:colcon.colcon_core.shell:Creating package script '/home/hakozaki/ros2_ws/src/mypkg/install/mypkg/share/mypkg/package.ps1'
[4.626s] INFO:colcon.colcon_core.shell:Creating package descriptor '/home/hakozaki/ros2_ws/src/mypkg/install/mypkg/share/mypkg/package.dsv'
[4.627s] INFO:colcon.colcon_core.shell:Creating package script '/home/hakozaki/ros2_ws/src/mypkg/install/mypkg/share/mypkg/package.sh'
[4.629s] INFO:colcon.colcon_core.shell:Creating package script '/home/hakozaki/ros2_ws/src/mypkg/install/mypkg/share/mypkg/package.bash'
[4.630s] INFO:colcon.colcon_core.shell:Creating package script '/home/hakozaki/ros2_ws/src/mypkg/install/mypkg/share/mypkg/package.zsh'
[4.631s] Level 1:colcon.colcon_core.environment:create_file_with_runtime_dependencies(/home/hakozaki/ros2_ws/src/mypkg/install/mypkg/share/colcon-core/packages/mypkg)
[4.633s] DEBUG:colcon.colcon_parallel_executor.executor.parallel:closing loop
[4.633s] DEBUG:colcon.colcon_parallel_executor.executor.parallel:loop closed
[4.633s] DEBUG:colcon.colcon_parallel_executor.executor.parallel:run_until_complete finished with '0'
[4.633s] DEBUG:colcon.colcon_core.event_reactor:joining thread
[4.666s] INFO:colcon.colcon_core.plugin_system:Skipping extension 'colcon_notification.desktop_notification.notify_send': Could not find 'notify-send'
[4.666s] INFO:colcon.colcon_core.plugin_system:Skipping extension 'colcon_notification.desktop_notification.terminal_notifier': Not used on non-Darwin systems
[4.667s] INFO:colcon.colcon_core.plugin_system:Skipping extension 'colcon_notification.desktop_notification.win32': Not used on non-Windows systems
[4.667s] INFO:colcon.colcon_notification.desktop_notification:Sending desktop notification using 'notify2'
[4.667s] DEBUG:colcon.colcon_notification.desktop_notification.notify2:Failed to initialize notify2: org.freedesktop.DBus.Error.FileNotFound: Failed to connect to socket /run/user/1000/bus: No such file or directory
[4.667s] DEBUG:colcon.colcon_core.event_reactor:joined thread
[4.667s] INFO:colcon.colcon_core.shell:Creating prefix script '/home/hakozaki/ros2_ws/src/mypkg/install/local_setup.ps1'
[4.669s] INFO:colcon.colcon_core.shell:Creating prefix util module '/home/hakozaki/ros2_ws/src/mypkg/install/_local_setup_util_ps1.py'
[4.671s] INFO:colcon.colcon_core.shell:Creating prefix chain script '/home/hakozaki/ros2_ws/src/mypkg/install/setup.ps1'
[4.673s] INFO:colcon.colcon_core.shell:Creating prefix script '/home/hakozaki/ros2_ws/src/mypkg/install/local_setup.sh'
[4.675s] INFO:colcon.colcon_core.shell:Creating prefix util module '/home/hakozaki/ros2_ws/src/mypkg/install/_local_setup_util_sh.py'
[4.675s] INFO:colcon.colcon_core.shell:Creating prefix chain script '/home/hakozaki/ros2_ws/src/mypkg/install/setup.sh'
[4.677s] INFO:colcon.colcon_core.shell:Creating prefix script '/home/hakozaki/ros2_ws/src/mypkg/install/local_setup.bash'
[4.678s] INFO:colcon.colcon_core.shell:Creating prefix chain script '/home/hakozaki/ros2_ws/src/mypkg/install/setup.bash'
[4.679s] INFO:colcon.colcon_core.shell:Creating prefix script '/home/hakozaki/ros2_ws/src/mypkg/install/local_setup.zsh'
[4.680s] INFO:colcon.colcon_core.shell:Creating prefix chain script '/home/hakozaki/ros2_ws/src/mypkg/install/setup.zsh'
