[0.536s] Invoking command in '/home/hakozaki/ros2_ws/src/mypkg/build/mypkg': CONDA_PROMPT_MODIFIER=(base) PYTHONPATH=/home/hakozaki/ros2_ws/src/mypkg/build/mypkg/prefix_override:/usr/lib/python3/dist-packages/colcon_core/task/python/colcon_distutils_commands:/home/hakozaki/ros2_ws/src/mypkg/install/mypkg/lib/python3.10/site-packages:${PYTHONPATH} /usr/bin/python3 -W ignore:setup.py install is deprecated -W ignore:easy_install command is deprecated setup.py develop --editable --build-directory /home/hakozaki/ros2_ws/src/mypkg/build/mypkg/build --no-deps symlink_data
[0.754s] running develop
[0.841s] running egg_info
[0.841s] creating mypkg.egg-info
[0.842s] writing mypkg.egg-info/PKG-INFO
[0.842s] writing dependency_links to mypkg.egg-info/dependency_links.txt
[0.842s] writing entry points to mypkg.egg-info/entry_points.txt
[0.842s] writing requirements to mypkg.egg-info/requires.txt
[0.845s] writing top-level names to mypkg.egg-info/top_level.txt
[0.845s] writing manifest file 'mypkg.egg-info/SOURCES.txt'
[0.849s] reading manifest file 'mypkg.egg-info/SOURCES.txt'
[0.849s] writing manifest file 'mypkg.egg-info/SOURCES.txt'
[0.851s] running build_ext
[0.851s] Creating /home/hakozaki/ros2_ws/src/mypkg/install/mypkg/lib/python3.10/site-packages/mypkg.egg-link (link to .)
[0.852s] Installing system_health_listener script to /home/hakozaki/ros2_ws/src/mypkg/install/mypkg/lib/mypkg
[0.854s] Installing system_health_monitor script to /home/hakozaki/ros2_ws/src/mypkg/install/mypkg/lib/mypkg
[0.854s] 
[0.854s] Installed /home/hakozaki/ros2_ws/src/mypkg/build/mypkg
[0.855s] running symlink_data
[0.855s] creating /home/hakozaki/ros2_ws/src/mypkg/install/mypkg/share/ament_index
[0.855s] creating /home/hakozaki/ros2_ws/src/mypkg/install/mypkg/share/ament_index/resource_index
[0.855s] creating /home/hakozaki/ros2_ws/src/mypkg/install/mypkg/share/ament_index/resource_index/packages
[0.856s] symbolically linking /home/hakozaki/ros2_ws/src/mypkg/build/mypkg/resource/mypkg -> /home/hakozaki/ros2_ws/src/mypkg/install/mypkg/share/ament_index/resource_index/packages
[0.856s] symbolically linking /home/hakozaki/ros2_ws/src/mypkg/build/mypkg/package.xml -> /home/hakozaki/ros2_ws/src/mypkg/install/mypkg/share/mypkg
[0.857s] creating /home/hakozaki/ros2_ws/src/mypkg/install/mypkg/share/mypkg/launch
[0.857s] symbolically linking /home/hakozaki/ros2_ws/src/mypkg/build/mypkg/launch/system_health.launch.py -> /home/hakozaki/ros2_ws/src/mypkg/install/mypkg/share/mypkg/launch
[0.888s] Invoked command in '/home/hakozaki/ros2_ws/src/mypkg/build/mypkg' returned '0': CONDA_PROMPT_MODIFIER=(base) PYTHONPATH=/home/hakozaki/ros2_ws/src/mypkg/build/mypkg/prefix_override:/usr/lib/python3/dist-packages/colcon_core/task/python/colcon_distutils_commands:/home/hakozaki/ros2_ws/src/mypkg/install/mypkg/lib/python3.10/site-packages:${PYTHONPATH} /usr/bin/python3 -W ignore:setup.py install is deprecated -W ignore:easy_install command is deprecated setup.py develop --editable --build-directory /home/hakozaki/ros2_ws/src/mypkg/build/mypkg/build --no-deps symlink_data
